2023-10-09 12:10:11 - Running EDD_Recurring_Reminders::scheduled_reminders.
2023-10-09 12:10:11 - Finished EDD_Recurring_Reminders::scheduled_reminders.
2023-10-09 12:11:00 - PayPal Commerce webhook test endpoint loaded.
2023-10-09 12:11:30 - PayPal Commerce webhook test endpoint loaded.
2023-10-09 12:20:05 - Git: Exception fetching repos: Missing Authorization header.
2023-10-09 12:20:05 - Git: Exception fetching repos: Missing Authorization header.
2023-10-09 12:27:20 - Git: Exception fetching repos: Missing Authorization header.
2023-10-09 12:37:04 - Git: Exception fetching repos: Missing Authorization header.
2023-10-09 12:37:04 - Git: Exception fetching repos: Missing Authorization header.
2023-10-09 12:37:24 - Git: Exception fetching repos: Missing Authorization header.
2023-10-09 12:38:54 - Git: Exception fetching repos: Missing Authorization header.
2023-10-09 12:39:22 - Git: Exception fetching repos: Missing Authorization header.
2023-10-09 12:41:45 - Git: Exception fetching repos: Missing Authorization header.
2023-10-09 12:41:56 - Git: Exception fetching repos: Missing Authorization header.
2023-10-09 12:42:02 - Git: Exception fetching repos: Missing Authorization header.
2023-10-09 15:46:58 - Scheduling recalculation for customer 1
2023-10-09 15:46:58 - Scheduling after order actions for order ID 1
2023-10-09 15:46:58 - Adding meta for sending the order_receipt for order #1
2023-10-09 15:46:58 - Adding meta for sending the admin_order_notice for order #1
2023-10-09 15:46:58 - Recalculation is already scheduled for customer 1 at October 9, 2023 5:51 pm
2023-10-09 15:46:58 - Scheduling recalculation for product 464
2023-10-09 15:47:37 - Running after order actions for order ID 1
2023-10-09 15:47:37 - order_receipt should send: '1'
2023-10-09 15:47:38 - Sending email: order_receipt
2023-10-09 15:47:38 - admin_order_notice should send: '1'
2023-10-09 15:47:38 - Sending email: admin_order_notice
2023-10-09 15:47:38 - After order actions completed for order ID 1
2023-10-10 10:32:21 - Scheduling recalculation for customer 1
2023-10-10 10:32:21 - Scheduling after order actions for order ID 2
2023-10-10 10:32:21 - Adding meta for sending the order_receipt for order #2
2023-10-10 10:32:21 - Adding meta for sending the admin_order_notice for order #2
2023-10-10 10:32:21 - Recalculation is already scheduled for customer 1 at October 10, 2023 12:37 pm
2023-10-10 10:32:21 - Scheduling recalculation for product 467
2023-10-10 10:32:59 - Running after order actions for order ID 2
2023-10-10 10:32:59 - order_receipt should send: '1'
2023-10-10 10:32:59 - Sending email: order_receipt
2023-10-10 10:32:59 - admin_order_notice should send: '1'
2023-10-10 10:32:59 - Sending email: admin_order_notice
2023-10-10 10:32:59 - After order actions completed for order ID 2
2023-10-10 10:40:29 - License 2 renewed successfully via Payment 0.
2023-10-10 14:13:05 - Fetching notifications via https://plugin.easydigitaldownloads.com/wp-content/notifications.json
2023-10-10 14:13:05 - Processing notification ID 97
2023-10-10 14:13:05 - -- Notification processing failure for ID 97: Notification created prior to EDD activation.
2023-10-10 14:13:05 - Processing notification ID 95
2023-10-10 14:13:05 - -- Notification processing failure for ID 95: Notification created prior to EDD activation.
2023-10-10 14:13:05 - Processing notification ID 86
2023-10-10 14:13:05 - -- Notification processing failure for ID 86: Notification has expired.
2023-10-10 14:13:05 - Processing notification ID 84
2023-10-10 14:13:05 - -- Notification processing failure for ID 84: Notification has expired.
2023-10-10 14:13:05 - Processing notification ID 93
2023-10-10 14:13:05 - -- Notification processing failure for ID 93: Notification has expired.
2023-10-10 14:13:05 - Processing notification ID 90
2023-10-10 14:13:05 - -- Notification processing failure for ID 90: Notification has expired.
2023-10-10 14:13:05 - Processing notification ID 80
2023-10-10 14:13:05 - -- Notification processing failure for ID 80: Notification created prior to EDD activation.
2023-10-10 14:13:05 - Processing notification ID 78
2023-10-10 14:13:05 - -- Notification processing failure for ID 78: Notification has expired.
2023-10-10 14:13:05 - Processing notification ID 75
2023-10-10 14:13:05 - -- Notification processing failure for ID 75: Notification has expired.
2023-10-10 14:13:05 - Processing notification ID 73
2023-10-10 14:13:05 - -- Notification processing failure for ID 73: Notification has expired.
2023-10-10 14:13:05 - Processing notification ID 70
2023-10-10 14:13:05 - -- Notification processing failure for ID 70: Notification has expired.
2023-10-10 14:13:05 - Processing notification ID 54
2023-10-10 14:13:05 - -- Notification processing failure for ID 54: Notification has expired.
2023-10-10 14:13:05 - Processing notification ID 58
2023-10-10 14:13:05 - -- Notification processing failure for ID 58: Notification has expired.
2023-10-10 14:13:05 - Processing notification ID 56
2023-10-10 14:13:05 - -- Notification processing failure for ID 56: Notification has expired.
2023-10-10 14:13:05 - Processing notification ID 61
2023-10-10 14:13:05 - -- Notification processing failure for ID 61: Notification has expired.
2023-10-10 14:13:05 - Processing notification ID 63
2023-10-10 14:13:05 - -- Notification processing failure for ID 63: Notification has expired.
2023-10-10 14:13:05 - Processing notification ID 51
2023-10-10 14:13:05 - -- Notification processing failure for ID 51: Notification has expired.
2023-10-10 14:13:05 - Processing notification ID 49
2023-10-10 14:13:05 - -- Notification processing failure for ID 49: Notification has expired.
2023-10-10 14:13:05 - Processing notification ID 47
2023-10-10 14:13:05 - -- Notification processing failure for ID 47: Notification created prior to EDD activation.
2023-10-10 14:13:05 - Processing notification ID 45
2023-10-10 14:13:05 - -- Notification processing failure for ID 45: Notification created prior to EDD activation.
2023-10-10 14:13:05 - Processing notification ID 40
2023-10-10 14:13:05 - -- Notification processing failure for ID 40: Notification has expired.
2023-10-10 14:13:05 - Processing notification ID 35
2023-10-10 14:13:05 - -- Notification processing failure for ID 35: Notification created prior to EDD activation.
2023-10-10 14:13:05 - Processing notification ID 30
2023-10-10 14:13:05 - -- Notification processing failure for ID 30: Notification has expired.
2023-10-10 14:13:05 - Processing notification ID 27
2023-10-10 14:13:05 - -- Notification processing failure for ID 27: Notification created prior to EDD activation.
2023-10-10 14:13:05 - Processing notification ID 25
2023-10-10 14:13:05 - -- Notification processing failure for ID 25: Notification created prior to EDD activation.
2023-10-10 14:13:05 - Processing notification ID 22
2023-10-10 14:13:05 - -- Notification processing failure for ID 22: Notification has expired.
2023-10-10 14:13:05 - Processing notification ID 15
2023-10-10 14:13:05 - -- Notification processing failure for ID 15: Notification has expired.
2023-10-10 14:13:05 - Processing notification ID 13
2023-10-10 14:13:05 - -- Notification processing failure for ID 13: Notification has expired.
2023-10-10 14:13:05 - Processing notification ID 11
2023-10-10 14:13:05 - -- Notification processing failure for ID 11: Notification has expired.
2023-10-10 14:13:05 - Processing notification ID 9
2023-10-10 14:13:05 - -- Notification processing failure for ID 9: Notification has expired.
2023-10-10 14:13:05 - Processing notification ID 7
2023-10-10 14:13:05 - -- Notification processing failure for ID 7: Notification has expired.
2023-10-10 14:13:05 - Running EDD_Recurring_Reminders::scheduled_reminders.
2023-10-10 14:13:05 - Finished EDD_Recurring_Reminders::scheduled_reminders.
2023-10-11 12:03:30 - Skipping notifications API request, timeout not reached
2023-10-11 12:11:33 - Running EDD_Recurring_Reminders::scheduled_reminders.
2023-10-11 12:11:33 - Finished EDD_Recurring_Reminders::scheduled_reminders.
2023-10-16 12:33:49 - Fetching notifications via https://plugin.easydigitaldownloads.com/wp-content/notifications.json
2023-10-16 12:33:49 - Processing notification ID 97
2023-10-16 12:33:49 - -- Notification processing failure for ID 97: Notification created prior to EDD activation.
2023-10-16 12:33:49 - Processing notification ID 95
2023-10-16 12:33:49 - -- Notification processing failure for ID 95: Notification created prior to EDD activation.
2023-10-16 12:33:49 - Processing notification ID 86
2023-10-16 12:33:49 - -- Notification processing failure for ID 86: Notification has expired.
2023-10-16 12:33:49 - Processing notification ID 84
2023-10-16 12:33:49 - -- Notification processing failure for ID 84: Notification has expired.
2023-10-16 12:33:49 - Processing notification ID 93
2023-10-16 12:33:49 - -- Notification processing failure for ID 93: Notification has expired.
2023-10-16 12:33:49 - Processing notification ID 90
2023-10-16 12:33:49 - -- Notification processing failure for ID 90: Notification has expired.
2023-10-16 12:33:49 - Processing notification ID 80
2023-10-16 12:33:49 - -- Notification processing failure for ID 80: Notification created prior to EDD activation.
2023-10-16 12:33:49 - Processing notification ID 78
2023-10-16 12:33:49 - -- Notification processing failure for ID 78: Notification has expired.
2023-10-16 12:33:49 - Processing notification ID 75
2023-10-16 12:33:49 - -- Notification processing failure for ID 75: Notification has expired.
2023-10-16 12:33:49 - Processing notification ID 73
2023-10-16 12:33:49 - -- Notification processing failure for ID 73: Notification has expired.
2023-10-16 12:33:49 - Processing notification ID 70
2023-10-16 12:33:49 - -- Notification processing failure for ID 70: Notification has expired.
2023-10-16 12:33:49 - Processing notification ID 54
2023-10-16 12:33:49 - -- Notification processing failure for ID 54: Notification has expired.
2023-10-16 12:33:49 - Processing notification ID 58
2023-10-16 12:33:49 - -- Notification processing failure for ID 58: Notification has expired.
2023-10-16 12:33:49 - Processing notification ID 56
2023-10-16 12:33:49 - -- Notification processing failure for ID 56: Notification has expired.
2023-10-16 12:33:49 - Processing notification ID 61
2023-10-16 12:33:49 - -- Notification processing failure for ID 61: Notification has expired.
2023-10-16 12:33:49 - Processing notification ID 63
2023-10-16 12:33:49 - -- Notification processing failure for ID 63: Notification has expired.
2023-10-16 12:33:49 - Processing notification ID 51
2023-10-16 12:33:49 - -- Notification processing failure for ID 51: Notification has expired.
2023-10-16 12:33:49 - Processing notification ID 49
2023-10-16 12:33:49 - -- Notification processing failure for ID 49: Notification has expired.
2023-10-16 12:33:49 - Processing notification ID 47
2023-10-16 12:33:49 - -- Notification processing failure for ID 47: Notification created prior to EDD activation.
2023-10-16 12:33:49 - Processing notification ID 45
2023-10-16 12:33:49 - -- Notification processing failure for ID 45: Notification created prior to EDD activation.
2023-10-16 12:33:49 - Processing notification ID 40
2023-10-16 12:33:49 - -- Notification processing failure for ID 40: Notification has expired.
2023-10-16 12:33:49 - Processing notification ID 35
2023-10-16 12:33:49 - -- Notification processing failure for ID 35: Notification created prior to EDD activation.
2023-10-16 12:33:49 - Processing notification ID 30
2023-10-16 12:33:49 - -- Notification processing failure for ID 30: Notification has expired.
2023-10-16 12:33:49 - Processing notification ID 27
2023-10-16 12:33:49 - -- Notification processing failure for ID 27: Notification created prior to EDD activation.
2023-10-16 12:33:49 - Processing notification ID 25
2023-10-16 12:33:49 - -- Notification processing failure for ID 25: Notification created prior to EDD activation.
2023-10-16 12:33:49 - Processing notification ID 22
2023-10-16 12:33:49 - -- Notification processing failure for ID 22: Notification has expired.
2023-10-16 12:33:49 - Processing notification ID 15
2023-10-16 12:33:49 - -- Notification processing failure for ID 15: Notification has expired.
2023-10-16 12:33:49 - Processing notification ID 13
2023-10-16 12:33:49 - -- Notification processing failure for ID 13: Notification has expired.
2023-10-16 12:33:49 - Processing notification ID 11
2023-10-16 12:33:49 - -- Notification processing failure for ID 11: Notification has expired.
2023-10-16 12:33:49 - Processing notification ID 9
2023-10-16 12:33:49 - -- Notification processing failure for ID 9: Notification has expired.
2023-10-16 12:33:49 - Processing notification ID 7
2023-10-16 12:33:49 - -- Notification processing failure for ID 7: Notification has expired.
2023-10-16 12:33:49 - Running EDD_Recurring_Reminders::scheduled_reminders.
2023-10-16 12:33:49 - Finished EDD_Recurring_Reminders::scheduled_reminders.
2023-10-17 14:26:13 - Fetching notifications via https://plugin.easydigitaldownloads.com/wp-content/notifications.json
2023-10-17 14:26:13 - Processing notification ID 97
2023-10-17 14:26:13 - -- Notification processing failure for ID 97: Notification created prior to EDD activation.
2023-10-17 14:26:13 - Processing notification ID 95
2023-10-17 14:26:13 - -- Notification processing failure for ID 95: Notification created prior to EDD activation.
2023-10-17 14:26:13 - Processing notification ID 86
2023-10-17 14:26:13 - -- Notification processing failure for ID 86: Notification has expired.
2023-10-17 14:26:13 - Processing notification ID 84
2023-10-17 14:26:13 - -- Notification processing failure for ID 84: Notification has expired.
2023-10-17 14:26:13 - Processing notification ID 93
2023-10-17 14:26:13 - -- Notification processing failure for ID 93: Notification has expired.
2023-10-17 14:26:13 - Processing notification ID 90
2023-10-17 14:26:13 - -- Notification processing failure for ID 90: Notification has expired.
2023-10-17 14:26:13 - Processing notification ID 80
2023-10-17 14:26:13 - -- Notification processing failure for ID 80: Notification created prior to EDD activation.
2023-10-17 14:26:13 - Processing notification ID 78
2023-10-17 14:26:13 - -- Notification processing failure for ID 78: Notification has expired.
2023-10-17 14:26:13 - Processing notification ID 75
2023-10-17 14:26:13 - -- Notification processing failure for ID 75: Notification has expired.
2023-10-17 14:26:13 - Processing notification ID 73
2023-10-17 14:26:13 - -- Notification processing failure for ID 73: Notification has expired.
2023-10-17 14:26:13 - Processing notification ID 70
2023-10-17 14:26:13 - -- Notification processing failure for ID 70: Notification has expired.
2023-10-17 14:26:13 - Processing notification ID 54
2023-10-17 14:26:13 - -- Notification processing failure for ID 54: Notification has expired.
2023-10-17 14:26:13 - Processing notification ID 58
2023-10-17 14:26:13 - -- Notification processing failure for ID 58: Notification has expired.
2023-10-17 14:26:13 - Processing notification ID 56
2023-10-17 14:26:13 - -- Notification processing failure for ID 56: Notification has expired.
2023-10-17 14:26:13 - Processing notification ID 61
2023-10-17 14:26:13 - -- Notification processing failure for ID 61: Notification has expired.
2023-10-17 14:26:13 - Processing notification ID 63
2023-10-17 14:26:13 - -- Notification processing failure for ID 63: Notification has expired.
2023-10-17 14:26:13 - Processing notification ID 51
2023-10-17 14:26:13 - -- Notification processing failure for ID 51: Notification has expired.
2023-10-17 14:26:13 - Processing notification ID 49
2023-10-17 14:26:13 - -- Notification processing failure for ID 49: Notification has expired.
2023-10-17 14:26:13 - Processing notification ID 47
2023-10-17 14:26:13 - -- Notification processing failure for ID 47: Notification created prior to EDD activation.
2023-10-17 14:26:13 - Processing notification ID 45
2023-10-17 14:26:13 - -- Notification processing failure for ID 45: Notification created prior to EDD activation.
2023-10-17 14:26:13 - Processing notification ID 40
2023-10-17 14:26:13 - -- Notification processing failure for ID 40: Notification has expired.
2023-10-17 14:26:13 - Processing notification ID 35
2023-10-17 14:26:13 - -- Notification processing failure for ID 35: Notification created prior to EDD activation.
2023-10-17 14:26:13 - Processing notification ID 30
2023-10-17 14:26:13 - -- Notification processing failure for ID 30: Notification has expired.
2023-10-17 14:26:13 - Processing notification ID 27
2023-10-17 14:26:13 - -- Notification processing failure for ID 27: Notification created prior to EDD activation.
2023-10-17 14:26:13 - Processing notification ID 25
2023-10-17 14:26:13 - -- Notification processing failure for ID 25: Notification created prior to EDD activation.
2023-10-17 14:26:13 - Processing notification ID 22
2023-10-17 14:26:13 - -- Notification processing failure for ID 22: Notification has expired.
2023-10-17 14:26:13 - Processing notification ID 15
2023-10-17 14:26:13 - -- Notification processing failure for ID 15: Notification has expired.
2023-10-17 14:26:13 - Processing notification ID 13
2023-10-17 14:26:13 - -- Notification processing failure for ID 13: Notification has expired.
2023-10-17 14:26:13 - Processing notification ID 11
2023-10-17 14:26:13 - -- Notification processing failure for ID 11: Notification has expired.
2023-10-17 14:26:13 - Processing notification ID 9
2023-10-17 14:26:13 - -- Notification processing failure for ID 9: Notification has expired.
2023-10-17 14:26:13 - Processing notification ID 7
2023-10-17 14:26:13 - -- Notification processing failure for ID 7: Notification has expired.
2023-10-17 14:26:13 - Running EDD_Recurring_Reminders::scheduled_reminders.
2023-10-17 14:26:13 - Finished EDD_Recurring_Reminders::scheduled_reminders.
2023-10-18 12:15:00 - Skipping notifications API request, timeout not reached
2023-10-18 12:15:00 - Running EDD_Recurring_Reminders::scheduled_reminders.
2023-10-18 12:15:00 - Finished EDD_Recurring_Reminders::scheduled_reminders.
2023-10-20 08:57:21 - Fetching notifications via https://plugin.easydigitaldownloads.com/wp-content/notifications.json
2023-10-20 08:57:21 - Processing notification ID 97
2023-10-20 08:57:21 - -- Notification processing failure for ID 97: Notification created prior to EDD activation.
2023-10-20 08:57:21 - Processing notification ID 95
2023-10-20 08:57:21 - -- Notification processing failure for ID 95: Notification created prior to EDD activation.
2023-10-20 08:57:21 - Processing notification ID 86
2023-10-20 08:57:21 - -- Notification processing failure for ID 86: Notification has expired.
2023-10-20 08:57:21 - Processing notification ID 84
2023-10-20 08:57:21 - -- Notification processing failure for ID 84: Notification has expired.
2023-10-20 08:57:21 - Processing notification ID 93
2023-10-20 08:57:21 - -- Notification processing failure for ID 93: Notification has expired.
2023-10-20 08:57:21 - Processing notification ID 90
2023-10-20 08:57:21 - -- Notification processing failure for ID 90: Notification has expired.
2023-10-20 08:57:21 - Processing notification ID 80
2023-10-20 08:57:21 - -- Notification processing failure for ID 80: Notification created prior to EDD activation.
2023-10-20 08:57:21 - Processing notification ID 78
2023-10-20 08:57:21 - -- Notification processing failure for ID 78: Notification has expired.
2023-10-20 08:57:21 - Processing notification ID 75
2023-10-20 08:57:21 - -- Notification processing failure for ID 75: Notification has expired.
2023-10-20 08:57:21 - Processing notification ID 73
2023-10-20 08:57:21 - -- Notification processing failure for ID 73: Notification has expired.
2023-10-20 08:57:21 - Processing notification ID 70
2023-10-20 08:57:21 - -- Notification processing failure for ID 70: Notification has expired.
2023-10-20 08:57:21 - Processing notification ID 54
2023-10-20 08:57:21 - -- Notification processing failure for ID 54: Notification has expired.
2023-10-20 08:57:21 - Processing notification ID 58
2023-10-20 08:57:21 - -- Notification processing failure for ID 58: Notification has expired.
2023-10-20 08:57:21 - Processing notification ID 56
2023-10-20 08:57:21 - -- Notification processing failure for ID 56: Notification has expired.
2023-10-20 08:57:21 - Processing notification ID 61
2023-10-20 08:57:21 - -- Notification processing failure for ID 61: Notification has expired.
2023-10-20 08:57:21 - Processing notification ID 63
2023-10-20 08:57:21 - -- Notification processing failure for ID 63: Notification has expired.
2023-10-20 08:57:21 - Processing notification ID 51
2023-10-20 08:57:21 - -- Notification processing failure for ID 51: Notification has expired.
2023-10-20 08:57:21 - Processing notification ID 49
2023-10-20 08:57:21 - -- Notification processing failure for ID 49: Notification has expired.
2023-10-20 08:57:21 - Processing notification ID 47
2023-10-20 08:57:21 - -- Notification processing failure for ID 47: Notification created prior to EDD activation.
2023-10-20 08:57:21 - Processing notification ID 45
2023-10-20 08:57:21 - -- Notification processing failure for ID 45: Notification created prior to EDD activation.
2023-10-20 08:57:21 - Processing notification ID 40
2023-10-20 08:57:21 - -- Notification processing failure for ID 40: Notification has expired.
2023-10-20 08:57:21 - Processing notification ID 35
2023-10-20 08:57:21 - -- Notification processing failure for ID 35: Notification created prior to EDD activation.
2023-10-20 08:57:21 - Processing notification ID 30
2023-10-20 08:57:21 - -- Notification processing failure for ID 30: Notification has expired.
2023-10-20 08:57:21 - Processing notification ID 27
2023-10-20 08:57:21 - -- Notification processing failure for ID 27: Notification created prior to EDD activation.
2023-10-20 08:57:21 - Processing notification ID 25
2023-10-20 08:57:21 - -- Notification processing failure for ID 25: Notification created prior to EDD activation.
2023-10-20 08:57:21 - Processing notification ID 22
2023-10-20 08:57:21 - -- Notification processing failure for ID 22: Notification has expired.
2023-10-20 08:57:21 - Processing notification ID 15
2023-10-20 08:57:21 - -- Notification processing failure for ID 15: Notification has expired.
2023-10-20 08:57:21 - Processing notification ID 13
2023-10-20 08:57:21 - -- Notification processing failure for ID 13: Notification has expired.
2023-10-20 08:57:21 - Processing notification ID 11
2023-10-20 08:57:21 - -- Notification processing failure for ID 11: Notification has expired.
2023-10-20 08:57:21 - Processing notification ID 9
2023-10-20 08:57:21 - -- Notification processing failure for ID 9: Notification has expired.
2023-10-20 08:57:21 - Processing notification ID 7
2023-10-20 08:57:21 - -- Notification processing failure for ID 7: Notification has expired.
2023-10-20 08:57:21 - Running EDD_Recurring_Reminders::scheduled_reminders.
2023-10-20 08:57:21 - Finished EDD_Recurring_Reminders::scheduled_reminders.
2023-10-23 11:56:29 - Fetching notifications via https://plugin.easydigitaldownloads.com/wp-content/notifications.json
2023-10-23 11:56:30 - Processing notification ID 97
2023-10-23 11:56:30 - -- Notification processing failure for ID 97: Notification created prior to EDD activation.
2023-10-23 11:56:30 - Processing notification ID 95
2023-10-23 11:56:30 - -- Notification processing failure for ID 95: Notification created prior to EDD activation.
2023-10-23 11:56:30 - Processing notification ID 86
2023-10-23 11:56:30 - -- Notification processing failure for ID 86: Notification has expired.
2023-10-23 11:56:30 - Processing notification ID 84
2023-10-23 11:56:30 - -- Notification processing failure for ID 84: Notification has expired.
2023-10-23 11:56:30 - Processing notification ID 93
2023-10-23 11:56:30 - -- Notification processing failure for ID 93: Notification has expired.
2023-10-23 11:56:30 - Processing notification ID 90
2023-10-23 11:56:30 - -- Notification processing failure for ID 90: Notification has expired.
2023-10-23 11:56:30 - Processing notification ID 80
2023-10-23 11:56:30 - -- Notification processing failure for ID 80: Notification created prior to EDD activation.
2023-10-23 11:56:30 - Processing notification ID 78
2023-10-23 11:56:30 - -- Notification processing failure for ID 78: Notification has expired.
2023-10-23 11:56:30 - Processing notification ID 75
2023-10-23 11:56:30 - -- Notification processing failure for ID 75: Notification has expired.
2023-10-23 11:56:30 - Processing notification ID 73
2023-10-23 11:56:30 - -- Notification processing failure for ID 73: Notification has expired.
2023-10-23 11:56:30 - Processing notification ID 70
2023-10-23 11:56:30 - -- Notification processing failure for ID 70: Notification has expired.
2023-10-23 11:56:30 - Processing notification ID 54
2023-10-23 11:56:30 - -- Notification processing failure for ID 54: Notification has expired.
2023-10-23 11:56:30 - Processing notification ID 58
2023-10-23 11:56:30 - -- Notification processing failure for ID 58: Notification has expired.
2023-10-23 11:56:30 - Processing notification ID 56
2023-10-23 11:56:30 - -- Notification processing failure for ID 56: Notification has expired.
2023-10-23 11:56:30 - Processing notification ID 61
2023-10-23 11:56:30 - -- Notification processing failure for ID 61: Notification has expired.
2023-10-23 11:56:30 - Processing notification ID 63
2023-10-23 11:56:30 - -- Notification processing failure for ID 63: Notification has expired.
2023-10-23 11:56:30 - Processing notification ID 51
2023-10-23 11:56:30 - -- Notification processing failure for ID 51: Notification has expired.
2023-10-23 11:56:30 - Processing notification ID 49
2023-10-23 11:56:30 - -- Notification processing failure for ID 49: Notification has expired.
2023-10-23 11:56:30 - Processing notification ID 47
2023-10-23 11:56:30 - -- Notification processing failure for ID 47: Notification created prior to EDD activation.
2023-10-23 11:56:30 - Processing notification ID 45
2023-10-23 11:56:30 - -- Notification processing failure for ID 45: Notification created prior to EDD activation.
2023-10-23 11:56:30 - Processing notification ID 40
2023-10-23 11:56:30 - -- Notification processing failure for ID 40: Notification has expired.
2023-10-23 11:56:30 - Processing notification ID 35
2023-10-23 11:56:30 - -- Notification processing failure for ID 35: Notification created prior to EDD activation.
2023-10-23 11:56:30 - Processing notification ID 30
2023-10-23 11:56:30 - -- Notification processing failure for ID 30: Notification has expired.
2023-10-23 11:56:30 - Processing notification ID 27
2023-10-23 11:56:30 - -- Notification processing failure for ID 27: Notification created prior to EDD activation.
2023-10-23 11:56:30 - Processing notification ID 25
2023-10-23 11:56:30 - -- Notification processing failure for ID 25: Notification created prior to EDD activation.
2023-10-23 11:56:30 - Processing notification ID 22
2023-10-23 11:56:30 - -- Notification processing failure for ID 22: Notification has expired.
2023-10-23 11:56:30 - Processing notification ID 15
2023-10-23 11:56:30 - -- Notification processing failure for ID 15: Notification has expired.
2023-10-23 11:56:30 - Processing notification ID 13
2023-10-23 11:56:30 - -- Notification processing failure for ID 13: Notification has expired.
2023-10-23 11:56:30 - Processing notification ID 11
2023-10-23 11:56:30 - -- Notification processing failure for ID 11: Notification has expired.
2023-10-23 11:56:30 - Processing notification ID 9
2023-10-23 11:56:30 - -- Notification processing failure for ID 9: Notification has expired.
2023-10-23 11:56:30 - Processing notification ID 7
2023-10-23 11:56:30 - -- Notification processing failure for ID 7: Notification has expired.
2023-10-23 11:56:30 - Running EDD_Recurring_Reminders::scheduled_reminders.
2023-10-23 11:56:30 - Finished EDD_Recurring_Reminders::scheduled_reminders.
2023-10-23 12:06:22 - Skipping notifications API request, timeout not reached
2023-10-23 12:11:25 - Running EDD_Recurring_Reminders::scheduled_reminders.
2023-10-23 12:11:25 - Finished EDD_Recurring_Reminders::scheduled_reminders.
2023-10-25 07:48:34 - Fetching notifications via https://plugin.easydigitaldownloads.com/wp-content/notifications.json
2023-10-25 07:48:34 - Processing notification ID 97
2023-10-25 07:48:34 - -- Notification processing failure for ID 97: Notification created prior to EDD activation.
2023-10-25 07:48:34 - Processing notification ID 95
2023-10-25 07:48:34 - -- Notification processing failure for ID 95: Notification created prior to EDD activation.
2023-10-25 07:48:34 - Processing notification ID 86
2023-10-25 07:48:34 - -- Notification processing failure for ID 86: Notification has expired.
2023-10-25 07:48:34 - Processing notification ID 84
2023-10-25 07:48:34 - -- Notification processing failure for ID 84: Notification has expired.
2023-10-25 07:48:34 - Processing notification ID 93
2023-10-25 07:48:34 - -- Notification processing failure for ID 93: Notification has expired.
2023-10-25 07:48:34 - Processing notification ID 90
2023-10-25 07:48:34 - -- Notification processing failure for ID 90: Notification has expired.
2023-10-25 07:48:34 - Processing notification ID 80
2023-10-25 07:48:34 - -- Notification processing failure for ID 80: Notification created prior to EDD activation.
2023-10-25 07:48:34 - Processing notification ID 78
2023-10-25 07:48:34 - -- Notification processing failure for ID 78: Notification has expired.
2023-10-25 07:48:34 - Processing notification ID 75
2023-10-25 07:48:34 - -- Notification processing failure for ID 75: Notification has expired.
2023-10-25 07:48:34 - Processing notification ID 73
2023-10-25 07:48:34 - -- Notification processing failure for ID 73: Notification has expired.
2023-10-25 07:48:34 - Processing notification ID 70
2023-10-25 07:48:34 - -- Notification processing failure for ID 70: Notification has expired.
2023-10-25 07:48:34 - Processing notification ID 54
2023-10-25 07:48:34 - -- Notification processing failure for ID 54: Notification has expired.
2023-10-25 07:48:34 - Processing notification ID 58
2023-10-25 07:48:34 - -- Notification processing failure for ID 58: Notification has expired.
2023-10-25 07:48:34 - Processing notification ID 56
2023-10-25 07:48:34 - -- Notification processing failure for ID 56: Notification has expired.
2023-10-25 07:48:34 - Processing notification ID 61
2023-10-25 07:48:34 - -- Notification processing failure for ID 61: Notification has expired.
2023-10-25 07:48:34 - Processing notification ID 63
2023-10-25 07:48:34 - -- Notification processing failure for ID 63: Notification has expired.
2023-10-25 07:48:34 - Processing notification ID 51
2023-10-25 07:48:34 - -- Notification processing failure for ID 51: Notification has expired.
2023-10-25 07:48:34 - Processing notification ID 49
2023-10-25 07:48:34 - -- Notification processing failure for ID 49: Notification has expired.
2023-10-25 07:48:34 - Processing notification ID 47
2023-10-25 07:48:34 - -- Notification processing failure for ID 47: Notification created prior to EDD activation.
2023-10-25 07:48:34 - Processing notification ID 45
2023-10-25 07:48:34 - -- Notification processing failure for ID 45: Notification created prior to EDD activation.
2023-10-25 07:48:34 - Processing notification ID 40
2023-10-25 07:48:34 - -- Notification processing failure for ID 40: Notification has expired.
2023-10-25 07:48:34 - Processing notification ID 35
2023-10-25 07:48:34 - -- Notification processing failure for ID 35: Notification created prior to EDD activation.
2023-10-25 07:48:34 - Processing notification ID 30
2023-10-25 07:48:34 - -- Notification processing failure for ID 30: Notification has expired.
2023-10-25 07:48:34 - Processing notification ID 27
2023-10-25 07:48:34 - -- Notification processing failure for ID 27: Notification created prior to EDD activation.
2023-10-25 07:48:34 - Processing notification ID 25
2023-10-25 07:48:34 - -- Notification processing failure for ID 25: Notification created prior to EDD activation.
2023-10-25 07:48:34 - Processing notification ID 22
2023-10-25 07:48:34 - -- Notification processing failure for ID 22: Notification has expired.
2023-10-25 07:48:34 - Processing notification ID 15
2023-10-25 07:48:34 - -- Notification processing failure for ID 15: Notification has expired.
2023-10-25 07:48:34 - Processing notification ID 13
2023-10-25 07:48:34 - -- Notification processing failure for ID 13: Notification has expired.
2023-10-25 07:48:34 - Processing notification ID 11
2023-10-25 07:48:34 - -- Notification processing failure for ID 11: Notification has expired.
2023-10-25 07:48:34 - Processing notification ID 9
2023-10-25 07:48:34 - -- Notification processing failure for ID 9: Notification has expired.
2023-10-25 07:48:34 - Processing notification ID 7
2023-10-25 07:48:34 - -- Notification processing failure for ID 7: Notification has expired.
2023-10-25 07:48:34 - Running EDD_Recurring_Reminders::scheduled_reminders.
2023-10-25 07:48:34 - Finished EDD_Recurring_Reminders::scheduled_reminders.
2023-10-25 14:03:31 - Skipping notifications API request, timeout not reached
2023-10-25 14:03:31 - Running EDD_Recurring_Reminders::scheduled_reminders.
2023-10-25 14:03:31 - Finished EDD_Recurring_Reminders::scheduled_reminders.
2023-10-27 14:07:13 - Fetching notifications via https://plugin.easydigitaldownloads.com/wp-content/notifications.json
2023-10-27 14:07:13 - Processing notification ID 97
2023-10-27 14:07:13 - -- Notification processing failure for ID 97: Notification created prior to EDD activation.
2023-10-27 14:07:13 - Processing notification ID 95
2023-10-27 14:07:13 - -- Notification processing failure for ID 95: Notification created prior to EDD activation.
2023-10-27 14:07:13 - Processing notification ID 86
2023-10-27 14:07:13 - -- Notification processing failure for ID 86: Notification has expired.
2023-10-27 14:07:13 - Processing notification ID 84
2023-10-27 14:07:13 - -- Notification processing failure for ID 84: Notification has expired.
2023-10-27 14:07:13 - Processing notification ID 93
2023-10-27 14:07:13 - -- Notification processing failure for ID 93: Notification has expired.
2023-10-27 14:07:13 - Processing notification ID 90
2023-10-27 14:07:13 - -- Notification processing failure for ID 90: Notification has expired.
2023-10-27 14:07:13 - Processing notification ID 80
2023-10-27 14:07:13 - -- Notification processing failure for ID 80: Notification created prior to EDD activation.
2023-10-27 14:07:13 - Processing notification ID 78
2023-10-27 14:07:13 - -- Notification processing failure for ID 78: Notification has expired.
2023-10-27 14:07:13 - Processing notification ID 75
2023-10-27 14:07:13 - -- Notification processing failure for ID 75: Notification has expired.
2023-10-27 14:07:13 - Processing notification ID 73
2023-10-27 14:07:13 - -- Notification processing failure for ID 73: Notification has expired.
2023-10-27 14:07:13 - Processing notification ID 70
2023-10-27 14:07:13 - -- Notification processing failure for ID 70: Notification has expired.
2023-10-27 14:07:13 - Processing notification ID 54
2023-10-27 14:07:13 - -- Notification processing failure for ID 54: Notification has expired.
2023-10-27 14:07:13 - Processing notification ID 58
2023-10-27 14:07:13 - -- Notification processing failure for ID 58: Notification has expired.
2023-10-27 14:07:13 - Processing notification ID 56
2023-10-27 14:07:13 - -- Notification processing failure for ID 56: Notification has expired.
2023-10-27 14:07:13 - Processing notification ID 61
2023-10-27 14:07:13 - -- Notification processing failure for ID 61: Notification has expired.
2023-10-27 14:07:13 - Processing notification ID 63
2023-10-27 14:07:13 - -- Notification processing failure for ID 63: Notification has expired.
2023-10-27 14:07:13 - Processing notification ID 51
2023-10-27 14:07:13 - -- Notification processing failure for ID 51: Notification has expired.
2023-10-27 14:07:13 - Processing notification ID 49
2023-10-27 14:07:13 - -- Notification processing failure for ID 49: Notification has expired.
2023-10-27 14:07:13 - Processing notification ID 47
2023-10-27 14:07:13 - -- Notification processing failure for ID 47: Notification created prior to EDD activation.
2023-10-27 14:07:13 - Processing notification ID 45
2023-10-27 14:07:13 - -- Notification processing failure for ID 45: Notification created prior to EDD activation.
2023-10-27 14:07:13 - Processing notification ID 40
2023-10-27 14:07:13 - -- Notification processing failure for ID 40: Notification has expired.
2023-10-27 14:07:13 - Processing notification ID 35
2023-10-27 14:07:13 - -- Notification processing failure for ID 35: Notification created prior to EDD activation.
2023-10-27 14:07:13 - Processing notification ID 30
2023-10-27 14:07:13 - -- Notification processing failure for ID 30: Notification has expired.
2023-10-27 14:07:13 - Processing notification ID 27
2023-10-27 14:07:13 - -- Notification processing failure for ID 27: Notification created prior to EDD activation.
2023-10-27 14:07:13 - Processing notification ID 25
2023-10-27 14:07:13 - -- Notification processing failure for ID 25: Notification created prior to EDD activation.
2023-10-27 14:07:13 - Processing notification ID 22
2023-10-27 14:07:13 - -- Notification processing failure for ID 22: Notification has expired.
2023-10-27 14:07:13 - Processing notification ID 15
2023-10-27 14:07:13 - -- Notification processing failure for ID 15: Notification has expired.
2023-10-27 14:07:13 - Processing notification ID 13
2023-10-27 14:07:13 - -- Notification processing failure for ID 13: Notification has expired.
2023-10-27 14:07:13 - Processing notification ID 11
2023-10-27 14:07:13 - -- Notification processing failure for ID 11: Notification has expired.
2023-10-27 14:07:13 - Processing notification ID 9
2023-10-27 14:07:13 - -- Notification processing failure for ID 9: Notification has expired.
2023-10-27 14:07:13 - Processing notification ID 7
2023-10-27 14:07:13 - -- Notification processing failure for ID 7: Notification has expired.
2023-10-27 14:07:13 - Running EDD_Recurring_Reminders::scheduled_reminders.
2023-10-27 14:07:13 - Finished EDD_Recurring_Reminders::scheduled_reminders.
2023-10-30 12:08:45 - Fetching notifications via https://plugin.easydigitaldownloads.com/wp-content/notifications.json
2023-10-30 12:08:45 - Processing notification ID 97
2023-10-30 12:08:45 - -- Notification processing failure for ID 97: Notification created prior to EDD activation.
2023-10-30 12:08:45 - Processing notification ID 95
2023-10-30 12:08:45 - -- Notification processing failure for ID 95: Notification created prior to EDD activation.
2023-10-30 12:08:45 - Processing notification ID 86
2023-10-30 12:08:45 - -- Notification processing failure for ID 86: Notification has expired.
2023-10-30 12:08:45 - Processing notification ID 84
2023-10-30 12:08:45 - -- Notification processing failure for ID 84: Notification has expired.
2023-10-30 12:08:45 - Processing notification ID 93
2023-10-30 12:08:45 - -- Notification processing failure for ID 93: Notification has expired.
2023-10-30 12:08:45 - Processing notification ID 90
2023-10-30 12:08:45 - -- Notification processing failure for ID 90: Notification has expired.
2023-10-30 12:08:45 - Processing notification ID 80
2023-10-30 12:08:45 - -- Notification processing failure for ID 80: Notification created prior to EDD activation.
2023-10-30 12:08:45 - Processing notification ID 78
2023-10-30 12:08:45 - -- Notification processing failure for ID 78: Notification has expired.
2023-10-30 12:08:45 - Processing notification ID 75
2023-10-30 12:08:45 - -- Notification processing failure for ID 75: Notification has expired.
2023-10-30 12:08:45 - Processing notification ID 73
2023-10-30 12:08:45 - -- Notification processing failure for ID 73: Notification has expired.
2023-10-30 12:08:45 - Processing notification ID 70
2023-10-30 12:08:45 - -- Notification processing failure for ID 70: Notification has expired.
2023-10-30 12:08:45 - Processing notification ID 54
2023-10-30 12:08:45 - -- Notification processing failure for ID 54: Notification has expired.
2023-10-30 12:08:45 - Processing notification ID 58
2023-10-30 12:08:45 - -- Notification processing failure for ID 58: Notification has expired.
2023-10-30 12:08:45 - Processing notification ID 56
2023-10-30 12:08:45 - -- Notification processing failure for ID 56: Notification has expired.
2023-10-30 12:08:45 - Processing notification ID 61
2023-10-30 12:08:45 - -- Notification processing failure for ID 61: Notification has expired.
2023-10-30 12:08:45 - Processing notification ID 63
2023-10-30 12:08:45 - -- Notification processing failure for ID 63: Notification has expired.
2023-10-30 12:08:45 - Processing notification ID 51
2023-10-30 12:08:45 - -- Notification processing failure for ID 51: Notification has expired.
2023-10-30 12:08:45 - Processing notification ID 49
2023-10-30 12:08:45 - -- Notification processing failure for ID 49: Notification has expired.
2023-10-30 12:08:45 - Processing notification ID 47
2023-10-30 12:08:45 - -- Notification processing failure for ID 47: Notification created prior to EDD activation.
2023-10-30 12:08:45 - Processing notification ID 45
2023-10-30 12:08:45 - -- Notification processing failure for ID 45: Notification created prior to EDD activation.
2023-10-30 12:08:45 - Processing notification ID 40
2023-10-30 12:08:45 - -- Notification processing failure for ID 40: Notification has expired.
2023-10-30 12:08:45 - Processing notification ID 35
2023-10-30 12:08:45 - -- Notification processing failure for ID 35: Notification created prior to EDD activation.
2023-10-30 12:08:45 - Processing notification ID 30
2023-10-30 12:08:45 - -- Notification processing failure for ID 30: Notification has expired.
2023-10-30 12:08:45 - Processing notification ID 27
2023-10-30 12:08:45 - -- Notification processing failure for ID 27: Notification created prior to EDD activation.
2023-10-30 12:08:45 - Processing notification ID 25
2023-10-30 12:08:45 - -- Notification processing failure for ID 25: Notification created prior to EDD activation.
2023-10-30 12:08:45 - Processing notification ID 22
2023-10-30 12:08:45 - -- Notification processing failure for ID 22: Notification has expired.
2023-10-30 12:08:45 - Processing notification ID 15
2023-10-30 12:08:45 - -- Notification processing failure for ID 15: Notification has expired.
2023-10-30 12:08:45 - Processing notification ID 13
2023-10-30 12:08:45 - -- Notification processing failure for ID 13: Notification has expired.
2023-10-30 12:08:45 - Processing notification ID 11
2023-10-30 12:08:45 - -- Notification processing failure for ID 11: Notification has expired.
2023-10-30 12:08:45 - Processing notification ID 9
2023-10-30 12:08:45 - -- Notification processing failure for ID 9: Notification has expired.
2023-10-30 12:08:45 - Processing notification ID 7
2023-10-30 12:08:45 - -- Notification processing failure for ID 7: Notification has expired.
2023-10-30 12:08:45 - Running EDD_Recurring_Reminders::scheduled_reminders.
2023-10-30 12:08:45 - Finished EDD_Recurring_Reminders::scheduled_reminders.
2023-10-31 08:40:20 - Running EDD_Recurring_Reminders::scheduled_reminders.
2023-10-31 08:40:20 - Finished EDD_Recurring_Reminders::scheduled_reminders.
2023-10-31 12:47:26 - Fetching notifications via https://plugin.easydigitaldownloads.com/wp-content/notifications.json
2023-10-31 12:47:26 - Processing notification ID 97
2023-10-31 12:47:26 - -- Notification processing failure for ID 97: Notification created prior to EDD activation.
2023-10-31 12:47:26 - Processing notification ID 95
2023-10-31 12:47:26 - -- Notification processing failure for ID 95: Notification created prior to EDD activation.
2023-10-31 12:47:26 - Processing notification ID 86
2023-10-31 12:47:26 - -- Notification processing failure for ID 86: Notification has expired.
2023-10-31 12:47:26 - Processing notification ID 84
2023-10-31 12:47:26 - -- Notification processing failure for ID 84: Notification has expired.
2023-10-31 12:47:26 - Processing notification ID 93
2023-10-31 12:47:26 - -- Notification processing failure for ID 93: Notification has expired.
2023-10-31 12:47:26 - Processing notification ID 90
2023-10-31 12:47:26 - -- Notification processing failure for ID 90: Notification has expired.
2023-10-31 12:47:26 - Processing notification ID 80
2023-10-31 12:47:26 - -- Notification processing failure for ID 80: Notification created prior to EDD activation.
2023-10-31 12:47:26 - Processing notification ID 78
2023-10-31 12:47:26 - -- Notification processing failure for ID 78: Notification has expired.
2023-10-31 12:47:26 - Processing notification ID 75
2023-10-31 12:47:26 - -- Notification processing failure for ID 75: Notification has expired.
2023-10-31 12:47:26 - Processing notification ID 73
2023-10-31 12:47:26 - -- Notification processing failure for ID 73: Notification has expired.
2023-10-31 12:47:26 - Processing notification ID 70
2023-10-31 12:47:26 - -- Notification processing failure for ID 70: Notification has expired.
2023-10-31 12:47:26 - Processing notification ID 54
2023-10-31 12:47:26 - -- Notification processing failure for ID 54: Notification has expired.
2023-10-31 12:47:26 - Processing notification ID 58
2023-10-31 12:47:26 - -- Notification processing failure for ID 58: Notification has expired.
2023-10-31 12:47:26 - Processing notification ID 56
2023-10-31 12:47:26 - -- Notification processing failure for ID 56: Notification has expired.
2023-10-31 12:47:26 - Processing notification ID 61
2023-10-31 12:47:26 - -- Notification processing failure for ID 61: Notification has expired.
2023-10-31 12:47:26 - Processing notification ID 63
2023-10-31 12:47:26 - -- Notification processing failure for ID 63: Notification has expired.
2023-10-31 12:47:26 - Processing notification ID 51
2023-10-31 12:47:26 - -- Notification processing failure for ID 51: Notification has expired.
2023-10-31 12:47:26 - Processing notification ID 49
2023-10-31 12:47:26 - -- Notification processing failure for ID 49: Notification has expired.
2023-10-31 12:47:26 - Processing notification ID 47
2023-10-31 12:47:26 - -- Notification processing failure for ID 47: Notification created prior to EDD activation.
2023-10-31 12:47:26 - Processing notification ID 45
2023-10-31 12:47:26 - -- Notification processing failure for ID 45: Notification created prior to EDD activation.
2023-10-31 12:47:26 - Processing notification ID 40
2023-10-31 12:47:26 - -- Notification processing failure for ID 40: Notification has expired.
2023-10-31 12:47:26 - Processing notification ID 35
2023-10-31 12:47:26 - -- Notification processing failure for ID 35: Notification created prior to EDD activation.
2023-10-31 12:47:26 - Processing notification ID 30
2023-10-31 12:47:26 - -- Notification processing failure for ID 30: Notification has expired.
2023-10-31 12:47:26 - Processing notification ID 27
2023-10-31 12:47:26 - -- Notification processing failure for ID 27: Notification created prior to EDD activation.
2023-10-31 12:47:26 - Processing notification ID 25
2023-10-31 12:47:26 - -- Notification processing failure for ID 25: Notification created prior to EDD activation.
2023-10-31 12:47:26 - Processing notification ID 22
2023-10-31 12:47:26 - -- Notification processing failure for ID 22: Notification has expired.
2023-10-31 12:47:26 - Processing notification ID 15
2023-10-31 12:47:26 - -- Notification processing failure for ID 15: Notification has expired.
2023-10-31 12:47:26 - Processing notification ID 13
2023-10-31 12:47:26 - -- Notification processing failure for ID 13: Notification has expired.
2023-10-31 12:47:26 - Processing notification ID 11
2023-10-31 12:47:26 - -- Notification processing failure for ID 11: Notification has expired.
2023-10-31 12:47:26 - Processing notification ID 9
2023-10-31 12:47:26 - -- Notification processing failure for ID 9: Notification has expired.
2023-10-31 12:47:26 - Processing notification ID 7
2023-10-31 12:47:26 - -- Notification processing failure for ID 7: Notification has expired.
2023-10-31 12:47:26 - Running EDD_Recurring_Reminders::scheduled_reminders.
2023-10-31 12:47:26 - Finished EDD_Recurring_Reminders::scheduled_reminders.
2023-11-02 16:40:56 - Fetching notifications via https://plugin.easydigitaldownloads.com/wp-content/notifications.json
2023-11-02 16:40:57 - Processing notification ID 97
2023-11-02 16:40:57 - -- Notification processing failure for ID 97: Notification created prior to EDD activation.
2023-11-02 16:40:57 - Processing notification ID 95
2023-11-02 16:40:57 - -- Notification processing failure for ID 95: Notification created prior to EDD activation.
2023-11-02 16:40:57 - Processing notification ID 86
2023-11-02 16:40:57 - -- Notification processing failure for ID 86: Notification has expired.
2023-11-02 16:40:57 - Processing notification ID 84
2023-11-02 16:40:57 - -- Notification processing failure for ID 84: Notification has expired.
2023-11-02 16:40:57 - Processing notification ID 93
2023-11-02 16:40:57 - -- Notification processing failure for ID 93: Notification has expired.
2023-11-02 16:40:57 - Processing notification ID 90
2023-11-02 16:40:57 - -- Notification processing failure for ID 90: Notification has expired.
2023-11-02 16:40:57 - Processing notification ID 80
2023-11-02 16:40:57 - -- Notification processing failure for ID 80: Notification created prior to EDD activation.
2023-11-02 16:40:57 - Processing notification ID 78
2023-11-02 16:40:57 - -- Notification processing failure for ID 78: Notification has expired.
2023-11-02 16:40:57 - Processing notification ID 75
2023-11-02 16:40:57 - -- Notification processing failure for ID 75: Notification has expired.
2023-11-02 16:40:57 - Processing notification ID 73
2023-11-02 16:40:57 - -- Notification processing failure for ID 73: Notification has expired.
2023-11-02 16:40:57 - Processing notification ID 70
2023-11-02 16:40:57 - -- Notification processing failure for ID 70: Notification has expired.
2023-11-02 16:40:57 - Processing notification ID 54
2023-11-02 16:40:57 - -- Notification processing failure for ID 54: Notification has expired.
2023-11-02 16:40:57 - Processing notification ID 58
2023-11-02 16:40:57 - -- Notification processing failure for ID 58: Notification has expired.
2023-11-02 16:40:57 - Processing notification ID 56
2023-11-02 16:40:57 - -- Notification processing failure for ID 56: Notification has expired.
2023-11-02 16:40:57 - Processing notification ID 61
2023-11-02 16:40:57 - -- Notification processing failure for ID 61: Notification has expired.
2023-11-02 16:40:57 - Processing notification ID 63
2023-11-02 16:40:57 - -- Notification processing failure for ID 63: Notification has expired.
2023-11-02 16:40:57 - Processing notification ID 51
2023-11-02 16:40:57 - -- Notification processing failure for ID 51: Notification has expired.
2023-11-02 16:40:57 - Processing notification ID 49
2023-11-02 16:40:57 - -- Notification processing failure for ID 49: Notification has expired.
2023-11-02 16:40:57 - Processing notification ID 47
2023-11-02 16:40:57 - -- Notification processing failure for ID 47: Notification created prior to EDD activation.
2023-11-02 16:40:57 - Processing notification ID 45
2023-11-02 16:40:57 - -- Notification processing failure for ID 45: Notification created prior to EDD activation.
2023-11-02 16:40:57 - Processing notification ID 40
2023-11-02 16:40:57 - -- Notification processing failure for ID 40: Notification has expired.
2023-11-02 16:40:57 - Processing notification ID 35
2023-11-02 16:40:57 - -- Notification processing failure for ID 35: Notification created prior to EDD activation.
2023-11-02 16:40:57 - Processing notification ID 30
2023-11-02 16:40:57 - -- Notification processing failure for ID 30: Notification has expired.
2023-11-02 16:40:57 - Processing notification ID 27
2023-11-02 16:40:57 - -- Notification processing failure for ID 27: Notification created prior to EDD activation.
2023-11-02 16:40:57 - Processing notification ID 25
2023-11-02 16:40:57 - -- Notification processing failure for ID 25: Notification created prior to EDD activation.
2023-11-02 16:40:57 - Processing notification ID 22
2023-11-02 16:40:57 - -- Notification processing failure for ID 22: Notification has expired.
2023-11-02 16:40:57 - Processing notification ID 15
2023-11-02 16:40:57 - -- Notification processing failure for ID 15: Notification has expired.
2023-11-02 16:40:57 - Processing notification ID 13
2023-11-02 16:40:57 - -- Notification processing failure for ID 13: Notification has expired.
2023-11-02 16:40:57 - Processing notification ID 11
2023-11-02 16:40:57 - -- Notification processing failure for ID 11: Notification has expired.
2023-11-02 16:40:57 - Processing notification ID 9
2023-11-02 16:40:57 - -- Notification processing failure for ID 9: Notification has expired.
2023-11-02 16:40:57 - Processing notification ID 7
2023-11-02 16:40:57 - -- Notification processing failure for ID 7: Notification has expired.
2023-11-02 16:40:57 - Running EDD_Recurring_Reminders::scheduled_reminders.
2023-11-02 16:40:57 - Finished EDD_Recurring_Reminders::scheduled_reminders.
2023-11-03 12:06:59 - Skipping notifications API request, timeout not reached
2023-11-03 15:19:26 - Running EDD_Recurring_Reminders::scheduled_reminders.
2023-11-03 15:19:26 - Finished EDD_Recurring_Reminders::scheduled_reminders.
2023-11-06 08:58:29 - Fetching notifications via https://plugin.easydigitaldownloads.com/wp-content/notifications.json
2023-11-06 08:58:29 - Processing notification ID 97
2023-11-06 08:58:29 - -- Notification processing failure for ID 97: Notification created prior to EDD activation.
2023-11-06 08:58:29 - Processing notification ID 95
2023-11-06 08:58:29 - -- Notification processing failure for ID 95: Notification created prior to EDD activation.
2023-11-06 08:58:29 - Processing notification ID 86
2023-11-06 08:58:29 - -- Notification processing failure for ID 86: Notification has expired.
2023-11-06 08:58:29 - Processing notification ID 84
2023-11-06 08:58:29 - -- Notification processing failure for ID 84: Notification has expired.
2023-11-06 08:58:29 - Processing notification ID 93
2023-11-06 08:58:29 - -- Notification processing failure for ID 93: Notification has expired.
2023-11-06 08:58:29 - Processing notification ID 90
2023-11-06 08:58:29 - -- Notification processing failure for ID 90: Notification has expired.
2023-11-06 08:58:29 - Processing notification ID 80
2023-11-06 08:58:29 - -- Notification processing failure for ID 80: Notification created prior to EDD activation.
2023-11-06 08:58:29 - Processing notification ID 78
2023-11-06 08:58:29 - -- Notification processing failure for ID 78: Notification has expired.
2023-11-06 08:58:29 - Processing notification ID 75
2023-11-06 08:58:29 - -- Notification processing failure for ID 75: Notification has expired.
2023-11-06 08:58:29 - Processing notification ID 73
2023-11-06 08:58:29 - -- Notification processing failure for ID 73: Notification has expired.
2023-11-06 08:58:29 - Processing notification ID 70
2023-11-06 08:58:29 - -- Notification processing failure for ID 70: Notification has expired.
2023-11-06 08:58:29 - Processing notification ID 54
2023-11-06 08:58:29 - -- Notification processing failure for ID 54: Notification has expired.
2023-11-06 08:58:29 - Processing notification ID 58
2023-11-06 08:58:29 - -- Notification processing failure for ID 58: Notification has expired.
2023-11-06 08:58:29 - Processing notification ID 56
2023-11-06 08:58:29 - -- Notification processing failure for ID 56: Notification has expired.
2023-11-06 08:58:29 - Processing notification ID 61
2023-11-06 08:58:29 - -- Notification processing failure for ID 61: Notification has expired.
2023-11-06 08:58:29 - Processing notification ID 63
2023-11-06 08:58:29 - -- Notification processing failure for ID 63: Notification has expired.
2023-11-06 08:58:29 - Processing notification ID 51
2023-11-06 08:58:29 - -- Notification processing failure for ID 51: Notification has expired.
2023-11-06 08:58:29 - Processing notification ID 49
2023-11-06 08:58:29 - -- Notification processing failure for ID 49: Notification has expired.
2023-11-06 08:58:29 - Processing notification ID 47
2023-11-06 08:58:29 - -- Notification processing failure for ID 47: Notification created prior to EDD activation.
2023-11-06 08:58:29 - Processing notification ID 45
2023-11-06 08:58:29 - -- Notification processing failure for ID 45: Notification created prior to EDD activation.
2023-11-06 08:58:29 - Processing notification ID 40
2023-11-06 08:58:29 - -- Notification processing failure for ID 40: Notification has expired.
2023-11-06 08:58:29 - Processing notification ID 35
2023-11-06 08:58:29 - -- Notification processing failure for ID 35: Notification created prior to EDD activation.
2023-11-06 08:58:29 - Processing notification ID 30
2023-11-06 08:58:29 - -- Notification processing failure for ID 30: Notification has expired.
2023-11-06 08:58:29 - Processing notification ID 27
2023-11-06 08:58:29 - -- Notification processing failure for ID 27: Notification created prior to EDD activation.
2023-11-06 08:58:29 - Processing notification ID 25
2023-11-06 08:58:29 - -- Notification processing failure for ID 25: Notification created prior to EDD activation.
2023-11-06 08:58:29 - Processing notification ID 22
2023-11-06 08:58:29 - -- Notification processing failure for ID 22: Notification has expired.
2023-11-06 08:58:29 - Processing notification ID 15
2023-11-06 08:58:29 - -- Notification processing failure for ID 15: Notification has expired.
2023-11-06 08:58:29 - Processing notification ID 13
2023-11-06 08:58:29 - -- Notification processing failure for ID 13: Notification has expired.
2023-11-06 08:58:29 - Processing notification ID 11
2023-11-06 08:58:29 - -- Notification processing failure for ID 11: Notification has expired.
2023-11-06 08:58:29 - Processing notification ID 9
2023-11-06 08:58:29 - -- Notification processing failure for ID 9: Notification has expired.
2023-11-06 08:58:29 - Processing notification ID 7
2023-11-06 08:58:29 - -- Notification processing failure for ID 7: Notification has expired.
2023-11-06 08:58:29 - Running EDD_Recurring_Reminders::scheduled_reminders.
2023-11-06 08:58:29 - Finished EDD_Recurring_Reminders::scheduled_reminders.
2023-11-06 14:56:51 - Skipping notifications API request, timeout not reached
2023-11-06 14:56:51 - Running EDD_Recurring_Reminders::scheduled_reminders.
2023-11-06 14:56:51 - Finished EDD_Recurring_Reminders::scheduled_reminders.
2023-11-07 12:02:19 - Fetching notifications via https://plugin.easydigitaldownloads.com/wp-content/notifications.json
2023-11-07 12:02:19 - Processing notification ID 97
2023-11-07 12:02:19 - -- Notification processing failure for ID 97: Notification created prior to EDD activation.
2023-11-07 12:02:19 - Processing notification ID 95
2023-11-07 12:02:19 - -- Notification processing failure for ID 95: Notification created prior to EDD activation.
2023-11-07 12:02:19 - Processing notification ID 86
2023-11-07 12:02:19 - -- Notification processing failure for ID 86: Notification has expired.
2023-11-07 12:02:19 - Processing notification ID 84
2023-11-07 12:02:19 - -- Notification processing failure for ID 84: Notification has expired.
2023-11-07 12:02:19 - Processing notification ID 93
2023-11-07 12:02:19 - -- Notification processing failure for ID 93: Notification has expired.
2023-11-07 12:02:19 - Processing notification ID 90
2023-11-07 12:02:19 - -- Notification processing failure for ID 90: Notification has expired.
2023-11-07 12:02:19 - Processing notification ID 80
2023-11-07 12:02:19 - -- Notification processing failure for ID 80: Notification created prior to EDD activation.
2023-11-07 12:02:19 - Processing notification ID 78
2023-11-07 12:02:19 - -- Notification processing failure for ID 78: Notification has expired.
2023-11-07 12:02:19 - Processing notification ID 75
2023-11-07 12:02:19 - -- Notification processing failure for ID 75: Notification has expired.
2023-11-07 12:02:19 - Processing notification ID 73
2023-11-07 12:02:19 - -- Notification processing failure for ID 73: Notification has expired.
2023-11-07 12:02:19 - Processing notification ID 70
2023-11-07 12:02:19 - -- Notification processing failure for ID 70: Notification has expired.
2023-11-07 12:02:19 - Processing notification ID 54
2023-11-07 12:02:19 - -- Notification processing failure for ID 54: Notification has expired.
2023-11-07 12:02:19 - Processing notification ID 58
2023-11-07 12:02:19 - -- Notification processing failure for ID 58: Notification has expired.
2023-11-07 12:02:19 - Processing notification ID 56
2023-11-07 12:02:19 - -- Notification processing failure for ID 56: Notification has expired.
2023-11-07 12:02:19 - Processing notification ID 61
2023-11-07 12:02:19 - -- Notification processing failure for ID 61: Notification has expired.
2023-11-07 12:02:19 - Processing notification ID 63
2023-11-07 12:02:19 - -- Notification processing failure for ID 63: Notification has expired.
2023-11-07 12:02:19 - Processing notification ID 51
2023-11-07 12:02:19 - -- Notification processing failure for ID 51: Notification has expired.
2023-11-07 12:02:19 - Processing notification ID 49
2023-11-07 12:02:19 - -- Notification processing failure for ID 49: Notification has expired.
2023-11-07 12:02:19 - Processing notification ID 47
2023-11-07 12:02:19 - -- Notification processing failure for ID 47: Notification created prior to EDD activation.
2023-11-07 12:02:19 - Processing notification ID 45
2023-11-07 12:02:19 - -- Notification processing failure for ID 45: Notification created prior to EDD activation.
2023-11-07 12:02:19 - Processing notification ID 40
2023-11-07 12:02:19 - -- Notification processing failure for ID 40: Notification has expired.
2023-11-07 12:02:19 - Processing notification ID 35
2023-11-07 12:02:19 - -- Notification processing failure for ID 35: Notification created prior to EDD activation.
2023-11-07 12:02:19 - Processing notification ID 30
2023-11-07 12:02:19 - -- Notification processing failure for ID 30: Notification has expired.
2023-11-07 12:02:19 - Processing notification ID 27
2023-11-07 12:02:19 - -- Notification processing failure for ID 27: Notification created prior to EDD activation.
2023-11-07 12:02:19 - Processing notification ID 25
2023-11-07 12:02:19 - -- Notification processing failure for ID 25: Notification created prior to EDD activation.
2023-11-07 12:02:19 - Processing notification ID 22
2023-11-07 12:02:19 - -- Notification processing failure for ID 22: Notification has expired.
2023-11-07 12:02:19 - Processing notification ID 15
2023-11-07 12:02:19 - -- Notification processing failure for ID 15: Notification has expired.
2023-11-07 12:02:19 - Processing notification ID 13
2023-11-07 12:02:19 - -- Notification processing failure for ID 13: Notification has expired.
2023-11-07 12:02:19 - Processing notification ID 11
2023-11-07 12:02:19 - -- Notification processing failure for ID 11: Notification has expired.
2023-11-07 12:02:19 - Processing notification ID 9
2023-11-07 12:02:19 - -- Notification processing failure for ID 9: Notification has expired.
2023-11-07 12:02:19 - Processing notification ID 7
2023-11-07 12:02:19 - -- Notification processing failure for ID 7: Notification has expired.
2023-11-07 12:10:16 - Running EDD_Recurring_Reminders::scheduled_reminders.
2023-11-07 12:10:16 - Finished EDD_Recurring_Reminders::scheduled_reminders.
2023-11-08 13:40:25 - Fetching notifications via https://plugin.easydigitaldownloads.com/wp-content/notifications.json
2023-11-08 13:40:25 - Processing notification ID 97
2023-11-08 13:40:25 - -- Notification processing failure for ID 97: Notification created prior to EDD activation.
2023-11-08 13:40:25 - Processing notification ID 95
2023-11-08 13:40:25 - -- Inserting new notification.
2023-11-08 13:40:25 - Processing notification ID 86
2023-11-08 13:40:25 - -- Notification processing failure for ID 86: Notification has expired.
2023-11-08 13:40:25 - Processing notification ID 84
2023-11-08 13:40:25 - -- Notification processing failure for ID 84: Notification has expired.
2023-11-08 13:40:25 - Processing notification ID 93
2023-11-08 13:40:25 - -- Notification processing failure for ID 93: Notification has expired.
2023-11-08 13:40:25 - Processing notification ID 90
2023-11-08 13:40:25 - -- Notification processing failure for ID 90: Notification has expired.
2023-11-08 13:40:25 - Processing notification ID 80
2023-11-08 13:40:25 - -- Notification processing failure for ID 80: Condition(s) not met.
2023-11-08 13:40:25 - Processing notification ID 78
2023-11-08 13:40:25 - -- Notification processing failure for ID 78: Notification has expired.
2023-11-08 13:40:25 - Processing notification ID 75
2023-11-08 13:40:25 - -- Notification processing failure for ID 75: Notification has expired.
2023-11-08 13:40:25 - Processing notification ID 73
2023-11-08 13:40:25 - -- Notification processing failure for ID 73: Notification has expired.
2023-11-08 13:40:25 - Processing notification ID 70
2023-11-08 13:40:25 - -- Notification processing failure for ID 70: Notification has expired.
2023-11-08 13:40:25 - Processing notification ID 54
2023-11-08 13:40:25 - -- Notification processing failure for ID 54: Notification has expired.
2023-11-08 13:40:25 - Processing notification ID 58
2023-11-08 13:40:25 - -- Notification processing failure for ID 58: Notification has expired.
2023-11-08 13:40:25 - Processing notification ID 56
2023-11-08 13:40:25 - -- Notification processing failure for ID 56: Notification has expired.
2023-11-08 13:40:25 - Processing notification ID 61
2023-11-08 13:40:25 - -- Notification processing failure for ID 61: Notification has expired.
2023-11-08 13:40:25 - Processing notification ID 63
2023-11-08 13:40:25 - -- Notification processing failure for ID 63: Notification has expired.
2023-11-08 13:40:25 - Processing notification ID 51
2023-11-08 13:40:25 - -- Notification processing failure for ID 51: Notification has expired.
2023-11-08 13:40:25 - Processing notification ID 49
2023-11-08 13:40:25 - -- Notification processing failure for ID 49: Notification has expired.
2023-11-08 13:40:25 - Processing notification ID 47
2023-11-08 13:40:25 - -- Inserting new notification.
2023-11-08 13:40:25 - Processing notification ID 45
2023-11-08 13:40:25 - -- Inserting new notification.
2023-11-08 13:40:25 - Processing notification ID 40
2023-11-08 13:40:25 - -- Notification processing failure for ID 40: Notification has expired.
2023-11-08 13:40:25 - Processing notification ID 35
2023-11-08 13:40:25 - -- Inserting new notification.
2023-11-08 13:40:25 - Processing notification ID 30
2023-11-08 13:40:25 - -- Notification processing failure for ID 30: Notification has expired.
2023-11-08 13:40:25 - Processing notification ID 27
2023-11-08 13:40:25 - -- Inserting new notification.
2023-11-08 13:40:25 - Processing notification ID 25
2023-11-08 13:40:25 - -- Notification processing failure for ID 25: Condition(s) not met.
2023-11-08 13:40:25 - Processing notification ID 22
2023-11-08 13:40:25 - -- Notification processing failure for ID 22: Notification has expired.
2023-11-08 13:40:25 - Processing notification ID 15
2023-11-08 13:40:25 - -- Notification processing failure for ID 15: Notification has expired.
2023-11-08 13:40:25 - Processing notification ID 13
2023-11-08 13:40:25 - -- Notification processing failure for ID 13: Notification has expired.
2023-11-08 13:40:25 - Processing notification ID 11
2023-11-08 13:40:25 - -- Notification processing failure for ID 11: Notification has expired.
2023-11-08 13:40:25 - Processing notification ID 9
2023-11-08 13:40:25 - -- Notification processing failure for ID 9: Notification has expired.
2023-11-08 13:40:25 - Processing notification ID 7
2023-11-08 13:40:25 - -- Notification processing failure for ID 7: Notification has expired.
2023-11-08 13:40:25 - Running EDD_Recurring_Reminders::scheduled_reminders.
2023-11-08 13:40:25 - Finished EDD_Recurring_Reminders::scheduled_reminders.
2023-11-14 15:35:16 - Fetching notifications via https://plugin.easydigitaldownloads.com/wp-content/notifications.json
2023-11-14 15:35:16 - Processing notification ID 97
2023-11-14 15:35:16 - -- Notification processing failure for ID 97: Notification created prior to EDD activation.
2023-11-14 15:35:16 - Processing notification ID 95
2023-11-14 15:35:16 - -- Updating existing notification.
2023-11-14 15:35:16 - Processing notification ID 86
2023-11-14 15:35:16 - -- Notification processing failure for ID 86: Notification has expired.
2023-11-14 15:35:16 - Processing notification ID 84
2023-11-14 15:35:16 - -- Notification processing failure for ID 84: Notification has expired.
2023-11-14 15:35:16 - Processing notification ID 93
2023-11-14 15:35:16 - -- Notification processing failure for ID 93: Notification has expired.
2023-11-14 15:35:16 - Processing notification ID 90
2023-11-14 15:35:16 - -- Notification processing failure for ID 90: Notification has expired.
2023-11-14 15:35:16 - Processing notification ID 80
2023-11-14 15:35:16 - -- Notification processing failure for ID 80: Condition(s) not met.
2023-11-14 15:35:16 - Processing notification ID 78
2023-11-14 15:35:16 - -- Notification processing failure for ID 78: Notification has expired.
2023-11-14 15:35:16 - Processing notification ID 75
2023-11-14 15:35:16 - -- Notification processing failure for ID 75: Notification has expired.
2023-11-14 15:35:16 - Processing notification ID 73
2023-11-14 15:35:16 - -- Notification processing failure for ID 73: Notification has expired.
2023-11-14 15:35:16 - Processing notification ID 70
2023-11-14 15:35:16 - -- Notification processing failure for ID 70: Notification has expired.
2023-11-14 15:35:16 - Processing notification ID 54
2023-11-14 15:35:16 - -- Notification processing failure for ID 54: Notification has expired.
2023-11-14 15:35:16 - Processing notification ID 58
2023-11-14 15:35:16 - -- Notification processing failure for ID 58: Notification has expired.
2023-11-14 15:35:16 - Processing notification ID 56
2023-11-14 15:35:16 - -- Notification processing failure for ID 56: Notification has expired.
2023-11-14 15:35:16 - Processing notification ID 61
2023-11-14 15:35:16 - -- Notification processing failure for ID 61: Notification has expired.
2023-11-14 15:35:16 - Processing notification ID 63
2023-11-14 15:35:16 - -- Notification processing failure for ID 63: Notification has expired.
2023-11-14 15:35:16 - Processing notification ID 51
2023-11-14 15:35:16 - -- Notification processing failure for ID 51: Notification has expired.
2023-11-14 15:35:16 - Processing notification ID 49
2023-11-14 15:35:16 - -- Notification processing failure for ID 49: Notification has expired.
2023-11-14 15:35:16 - Processing notification ID 47
2023-11-14 15:35:16 - -- Updating existing notification.
2023-11-14 15:35:16 - Processing notification ID 45
2023-11-14 15:35:16 - -- Updating existing notification.
2023-11-14 15:35:16 - Processing notification ID 40
2023-11-14 15:35:16 - -- Notification processing failure for ID 40: Notification has expired.
2023-11-14 15:35:16 - Processing notification ID 35
2023-11-14 15:35:16 - -- Updating existing notification.
2023-11-14 15:35:16 - Processing notification ID 30
2023-11-14 15:35:16 - -- Notification processing failure for ID 30: Notification has expired.
2023-11-14 15:35:16 - Processing notification ID 27
2023-11-14 15:35:16 - -- Updating existing notification.
2023-11-14 15:35:16 - Processing notification ID 25
2023-11-14 15:35:16 - -- Notification processing failure for ID 25: Condition(s) not met.
2023-11-14 15:35:16 - Processing notification ID 22
2023-11-14 15:35:16 - -- Notification processing failure for ID 22: Notification has expired.
2023-11-14 15:35:16 - Processing notification ID 15
2023-11-14 15:35:16 - -- Notification processing failure for ID 15: Notification has expired.
2023-11-14 15:35:16 - Processing notification ID 13
2023-11-14 15:35:16 - -- Notification processing failure for ID 13: Notification has expired.
2023-11-14 15:35:16 - Processing notification ID 11
2023-11-14 15:35:16 - -- Notification processing failure for ID 11: Notification has expired.
2023-11-14 15:35:16 - Processing notification ID 9
2023-11-14 15:35:16 - -- Notification processing failure for ID 9: Notification has expired.
2023-11-14 15:35:16 - Processing notification ID 7
2023-11-14 15:35:16 - -- Notification processing failure for ID 7: Notification has expired.
2023-11-14 15:35:16 - Running EDD_Recurring_Reminders::scheduled_reminders.
2023-11-14 15:35:16 - Finished EDD_Recurring_Reminders::scheduled_reminders.
2023-11-15 12:02:26 - Skipping notifications API request, timeout not reached
2023-11-15 12:11:53 - Running EDD_Recurring_Reminders::scheduled_reminders.
2023-11-15 12:11:53 - Finished EDD_Recurring_Reminders::scheduled_reminders.
2023-11-16 12:11:25 - Fetching notifications via https://plugin.easydigitaldownloads.com/wp-content/notifications.json
2023-11-16 12:11:25 - Processing notification ID 97
2023-11-16 12:11:25 - -- Notification processing failure for ID 97: Notification created prior to EDD activation.
2023-11-16 12:11:25 - Processing notification ID 95
2023-11-16 12:11:25 - -- Updating existing notification.
2023-11-16 12:11:25 - Processing notification ID 86
2023-11-16 12:11:25 - -- Notification processing failure for ID 86: Notification has expired.
2023-11-16 12:11:25 - Processing notification ID 84
2023-11-16 12:11:25 - -- Notification processing failure for ID 84: Notification has expired.
2023-11-16 12:11:25 - Processing notification ID 93
2023-11-16 12:11:25 - -- Notification processing failure for ID 93: Notification has expired.
2023-11-16 12:11:25 - Processing notification ID 90
2023-11-16 12:11:25 - -- Notification processing failure for ID 90: Notification has expired.
2023-11-16 12:11:25 - Processing notification ID 80
2023-11-16 12:11:25 - -- Notification processing failure for ID 80: Condition(s) not met.
2023-11-16 12:11:25 - Processing notification ID 78
2023-11-16 12:11:25 - -- Notification processing failure for ID 78: Notification has expired.
2023-11-16 12:11:25 - Processing notification ID 75
2023-11-16 12:11:25 - -- Notification processing failure for ID 75: Notification has expired.
2023-11-16 12:11:25 - Processing notification ID 73
2023-11-16 12:11:25 - -- Notification processing failure for ID 73: Notification has expired.
2023-11-16 12:11:25 - Processing notification ID 70
2023-11-16 12:11:25 - -- Notification processing failure for ID 70: Notification has expired.
2023-11-16 12:11:25 - Processing notification ID 54
2023-11-16 12:11:25 - -- Notification processing failure for ID 54: Notification has expired.
2023-11-16 12:11:25 - Processing notification ID 58
2023-11-16 12:11:25 - -- Notification processing failure for ID 58: Notification has expired.
2023-11-16 12:11:25 - Processing notification ID 56
2023-11-16 12:11:25 - -- Notification processing failure for ID 56: Notification has expired.
2023-11-16 12:11:25 - Processing notification ID 61
2023-11-16 12:11:25 - -- Notification processing failure for ID 61: Notification has expired.
2023-11-16 12:11:25 - Processing notification ID 63
2023-11-16 12:11:25 - -- Notification processing failure for ID 63: Notification has expired.
2023-11-16 12:11:25 - Processing notification ID 51
2023-11-16 12:11:25 - -- Notification processing failure for ID 51: Notification has expired.
2023-11-16 12:11:25 - Processing notification ID 49
2023-11-16 12:11:25 - -- Notification processing failure for ID 49: Notification has expired.
2023-11-16 12:11:25 - Processing notification ID 47
2023-11-16 12:11:25 - -- Updating existing notification.
2023-11-16 12:11:25 - Processing notification ID 45
2023-11-16 12:11:25 - -- Updating existing notification.
2023-11-16 12:11:25 - Processing notification ID 40
2023-11-16 12:11:25 - -- Notification processing failure for ID 40: Notification has expired.
2023-11-16 12:11:25 - Processing notification ID 35
2023-11-16 12:11:25 - -- Updating existing notification.
2023-11-16 12:11:25 - Processing notification ID 30
2023-11-16 12:11:25 - -- Notification processing failure for ID 30: Notification has expired.
2023-11-16 12:11:25 - Processing notification ID 27
2023-11-16 12:11:25 - -- Updating existing notification.
2023-11-16 12:11:25 - Processing notification ID 25
2023-11-16 12:11:25 - -- Notification processing failure for ID 25: Condition(s) not met.
2023-11-16 12:11:25 - Processing notification ID 22
2023-11-16 12:11:25 - -- Notification processing failure for ID 22: Notification has expired.
2023-11-16 12:11:25 - Processing notification ID 15
2023-11-16 12:11:25 - -- Notification processing failure for ID 15: Notification has expired.
2023-11-16 12:11:25 - Processing notification ID 13
2023-11-16 12:11:25 - -- Notification processing failure for ID 13: Notification has expired.
2023-11-16 12:11:25 - Processing notification ID 11
2023-11-16 12:11:25 - -- Notification processing failure for ID 11: Notification has expired.
2023-11-16 12:11:25 - Processing notification ID 9
2023-11-16 12:11:25 - -- Notification processing failure for ID 9: Notification has expired.
2023-11-16 12:11:25 - Processing notification ID 7
2023-11-16 12:11:25 - -- Notification processing failure for ID 7: Notification has expired.
2023-11-16 12:11:25 - Running EDD_Recurring_Reminders::scheduled_reminders.
2023-11-16 12:11:25 - Finished EDD_Recurring_Reminders::scheduled_reminders.
2023-11-17 12:04:15 - Fetching notifications via https://plugin.easydigitaldownloads.com/wp-content/notifications.json
2023-11-17 12:04:15 - Processing notification ID 97
2023-11-17 12:04:15 - -- Notification processing failure for ID 97: Notification created prior to EDD activation.
2023-11-17 12:04:15 - Processing notification ID 95
2023-11-17 12:04:15 - -- Updating existing notification.
2023-11-17 12:04:15 - Processing notification ID 86
2023-11-17 12:04:15 - -- Notification processing failure for ID 86: Notification has expired.
2023-11-17 12:04:15 - Processing notification ID 84
2023-11-17 12:04:15 - -- Notification processing failure for ID 84: Notification has expired.
2023-11-17 12:04:15 - Processing notification ID 93
2023-11-17 12:04:15 - -- Notification processing failure for ID 93: Notification has expired.
2023-11-17 12:04:15 - Processing notification ID 90
2023-11-17 12:04:15 - -- Notification processing failure for ID 90: Notification has expired.
2023-11-17 12:04:15 - Processing notification ID 80
2023-11-17 12:04:15 - -- Notification processing failure for ID 80: Condition(s) not met.
2023-11-17 12:04:15 - Processing notification ID 78
2023-11-17 12:04:15 - -- Notification processing failure for ID 78: Notification has expired.
2023-11-17 12:04:15 - Processing notification ID 75
2023-11-17 12:04:15 - -- Notification processing failure for ID 75: Notification has expired.
2023-11-17 12:04:15 - Processing notification ID 73
2023-11-17 12:04:15 - -- Notification processing failure for ID 73: Notification has expired.
2023-11-17 12:04:15 - Processing notification ID 70
2023-11-17 12:04:15 - -- Notification processing failure for ID 70: Notification has expired.
2023-11-17 12:04:15 - Processing notification ID 54
2023-11-17 12:04:15 - -- Notification processing failure for ID 54: Notification has expired.
2023-11-17 12:04:15 - Processing notification ID 58
2023-11-17 12:04:15 - -- Notification processing failure for ID 58: Notification has expired.
2023-11-17 12:04:15 - Processing notification ID 56
2023-11-17 12:04:15 - -- Notification processing failure for ID 56: Notification has expired.
2023-11-17 12:04:15 - Processing notification ID 61
2023-11-17 12:04:15 - -- Notification processing failure for ID 61: Notification has expired.
2023-11-17 12:04:15 - Processing notification ID 63
2023-11-17 12:04:15 - -- Notification processing failure for ID 63: Notification has expired.
2023-11-17 12:04:15 - Processing notification ID 51
2023-11-17 12:04:15 - -- Notification processing failure for ID 51: Notification has expired.
2023-11-17 12:04:15 - Processing notification ID 49
2023-11-17 12:04:15 - -- Notification processing failure for ID 49: Notification has expired.
2023-11-17 12:04:15 - Processing notification ID 47
2023-11-17 12:04:15 - -- Updating existing notification.
2023-11-17 12:04:15 - Processing notification ID 45
2023-11-17 12:04:15 - -- Updating existing notification.
2023-11-17 12:04:15 - Processing notification ID 40
2023-11-17 12:04:15 - -- Notification processing failure for ID 40: Notification has expired.
2023-11-17 12:04:15 - Processing notification ID 35
2023-11-17 12:04:15 - -- Updating existing notification.
2023-11-17 12:04:15 - Processing notification ID 30
2023-11-17 12:04:15 - -- Notification processing failure for ID 30: Notification has expired.
2023-11-17 12:04:15 - Processing notification ID 27
2023-11-17 12:04:15 - -- Updating existing notification.
2023-11-17 12:04:15 - Processing notification ID 25
2023-11-17 12:04:15 - -- Notification processing failure for ID 25: Condition(s) not met.
2023-11-17 12:04:15 - Processing notification ID 22
2023-11-17 12:04:15 - -- Notification processing failure for ID 22: Notification has expired.
2023-11-17 12:04:15 - Processing notification ID 15
2023-11-17 12:04:15 - -- Notification processing failure for ID 15: Notification has expired.
2023-11-17 12:04:15 - Processing notification ID 13
2023-11-17 12:04:15 - -- Notification processing failure for ID 13: Notification has expired.
2023-11-17 12:04:15 - Processing notification ID 11
2023-11-17 12:04:15 - -- Notification processing failure for ID 11: Notification has expired.
2023-11-17 12:04:15 - Processing notification ID 9
2023-11-17 12:04:15 - -- Notification processing failure for ID 9: Notification has expired.
2023-11-17 12:04:15 - Processing notification ID 7
2023-11-17 12:04:15 - -- Notification processing failure for ID 7: Notification has expired.
2023-11-17 12:12:20 - Running EDD_Recurring_Reminders::scheduled_reminders.
2023-11-17 12:12:20 - Finished EDD_Recurring_Reminders::scheduled_reminders.
2023-11-20 09:37:25 - Fetching notifications via https://plugin.easydigitaldownloads.com/wp-content/notifications.json
2023-11-20 09:37:25 - Processing notification ID 101
2023-11-20 09:37:25 - -- Notification processing failure for ID 101: Condition(s) not met.
2023-11-20 09:37:25 - Processing notification ID 103
2023-11-20 09:37:25 - -- Inserting new notification.
2023-11-20 09:37:25 - Processing notification ID 105
2023-11-20 09:37:25 - -- Notification processing failure for ID 105: Condition(s) not met.
2023-11-20 09:37:25 - Processing notification ID 99
2023-11-20 09:37:25 - -- Inserting new notification.
2023-11-20 09:37:25 - Processing notification ID 97
2023-11-20 09:37:25 - -- Notification processing failure for ID 97: Notification created prior to EDD activation.
2023-11-20 09:37:25 - Processing notification ID 95
2023-11-20 09:37:25 - -- Updating existing notification.
2023-11-20 09:37:25 - Processing notification ID 86
2023-11-20 09:37:25 - -- Notification processing failure for ID 86: Notification has expired.
2023-11-20 09:37:25 - Processing notification ID 84
2023-11-20 09:37:25 - -- Notification processing failure for ID 84: Notification has expired.
2023-11-20 09:37:25 - Processing notification ID 93
2023-11-20 09:37:25 - -- Notification processing failure for ID 93: Notification has expired.
2023-11-20 09:37:25 - Processing notification ID 90
2023-11-20 09:37:25 - -- Notification processing failure for ID 90: Notification has expired.
2023-11-20 09:37:25 - Processing notification ID 80
2023-11-20 09:37:25 - -- Notification processing failure for ID 80: Condition(s) not met.
2023-11-20 09:37:25 - Processing notification ID 78
2023-11-20 09:37:25 - -- Notification processing failure for ID 78: Notification has expired.
2023-11-20 09:37:25 - Processing notification ID 75
2023-11-20 09:37:25 - -- Notification processing failure for ID 75: Notification has expired.
2023-11-20 09:37:25 - Processing notification ID 73
2023-11-20 09:37:25 - -- Notification processing failure for ID 73: Notification has expired.
2023-11-20 09:37:25 - Processing notification ID 70
2023-11-20 09:37:25 - -- Notification processing failure for ID 70: Notification has expired.
2023-11-20 09:37:25 - Processing notification ID 54
2023-11-20 09:37:25 - -- Notification processing failure for ID 54: Notification has expired.
2023-11-20 09:37:25 - Processing notification ID 58
2023-11-20 09:37:25 - -- Notification processing failure for ID 58: Notification has expired.
2023-11-20 09:37:25 - Processing notification ID 56
2023-11-20 09:37:25 - -- Notification processing failure for ID 56: Notification has expired.
2023-11-20 09:37:25 - Processing notification ID 61
2023-11-20 09:37:25 - -- Notification processing failure for ID 61: Notification has expired.
2023-11-20 09:37:25 - Processing notification ID 63
2023-11-20 09:37:25 - -- Notification processing failure for ID 63: Notification has expired.
2023-11-20 09:37:25 - Processing notification ID 51
2023-11-20 09:37:25 - -- Notification processing failure for ID 51: Notification has expired.
2023-11-20 09:37:25 - Processing notification ID 49
2023-11-20 09:37:25 - -- Notification processing failure for ID 49: Notification has expired.
2023-11-20 09:37:25 - Processing notification ID 47
2023-11-20 09:37:25 - -- Updating existing notification.
2023-11-20 09:37:25 - Processing notification ID 45
2023-11-20 09:37:25 - -- Updating existing notification.
2023-11-20 09:37:25 - Processing notification ID 40
2023-11-20 09:37:25 - -- Notification processing failure for ID 40: Notification has expired.
2023-11-20 09:37:25 - Processing notification ID 35
2023-11-20 09:37:25 - -- Updating existing notification.
2023-11-20 09:37:25 - Processing notification ID 30
2023-11-20 09:37:25 - -- Notification processing failure for ID 30: Notification has expired.
2023-11-20 09:37:25 - Processing notification ID 27
2023-11-20 09:37:25 - -- Updating existing notification.
2023-11-20 09:37:25 - Processing notification ID 25
2023-11-20 09:37:25 - -- Notification processing failure for ID 25: Condition(s) not met.
2023-11-20 09:37:25 - Processing notification ID 22
2023-11-20 09:37:25 - -- Notification processing failure for ID 22: Notification has expired.
2023-11-20 09:37:25 - Processing notification ID 15
2023-11-20 09:37:25 - -- Notification processing failure for ID 15: Notification has expired.
2023-11-20 09:37:25 - Processing notification ID 13
2023-11-20 09:37:25 - -- Notification processing failure for ID 13: Notification has expired.
2023-11-20 09:37:25 - Processing notification ID 11
2023-11-20 09:37:25 - -- Notification processing failure for ID 11: Notification has expired.
2023-11-20 09:37:25 - Processing notification ID 9
2023-11-20 09:37:25 - -- Notification processing failure for ID 9: Notification has expired.
2023-11-20 09:37:25 - Processing notification ID 7
2023-11-20 09:37:25 - -- Notification processing failure for ID 7: Notification has expired.
2023-11-20 09:37:25 - Running EDD_Recurring_Reminders::scheduled_reminders.
2023-11-20 09:37:25 - Finished EDD_Recurring_Reminders::scheduled_reminders.
2023-11-20 12:02:40 - Skipping notifications API request, timeout not reached
2023-11-20 12:10:14 - Running EDD_Recurring_Reminders::scheduled_reminders.
2023-11-20 12:10:14 - Finished EDD_Recurring_Reminders::scheduled_reminders.
2023-11-21 15:33:27 - Fetching notifications via https://plugin.easydigitaldownloads.com/wp-content/notifications.json
2023-11-21 15:33:28 - Processing notification ID 101
2023-11-21 15:33:28 - -- Notification processing failure for ID 101: Condition(s) not met.
2023-11-21 15:33:28 - Processing notification ID 103
2023-11-21 15:33:28 - -- Updating existing notification.
2023-11-21 15:33:28 - Processing notification ID 105
2023-11-21 15:33:28 - -- Notification processing failure for ID 105: Condition(s) not met.
2023-11-21 15:33:28 - Processing notification ID 99
2023-11-21 15:33:28 - -- Updating existing notification.
2023-11-21 15:33:28 - Processing notification ID 97
2023-11-21 15:33:28 - -- Notification processing failure for ID 97: Notification created prior to EDD activation.
2023-11-21 15:33:28 - Processing notification ID 95
2023-11-21 15:33:28 - -- Updating existing notification.
2023-11-21 15:33:28 - Processing notification ID 86
2023-11-21 15:33:28 - -- Notification processing failure for ID 86: Notification has expired.
2023-11-21 15:33:28 - Processing notification ID 84
2023-11-21 15:33:28 - -- Notification processing failure for ID 84: Notification has expired.
2023-11-21 15:33:28 - Processing notification ID 93
2023-11-21 15:33:28 - -- Notification processing failure for ID 93: Notification has expired.
2023-11-21 15:33:28 - Processing notification ID 90
2023-11-21 15:33:28 - -- Notification processing failure for ID 90: Notification has expired.
2023-11-21 15:33:28 - Processing notification ID 80
2023-11-21 15:33:28 - -- Notification processing failure for ID 80: Condition(s) not met.
2023-11-21 15:33:28 - Processing notification ID 78
2023-11-21 15:33:28 - -- Notification processing failure for ID 78: Notification has expired.
2023-11-21 15:33:28 - Processing notification ID 75
2023-11-21 15:33:28 - -- Notification processing failure for ID 75: Notification has expired.
2023-11-21 15:33:28 - Processing notification ID 73
2023-11-21 15:33:28 - -- Notification processing failure for ID 73: Notification has expired.
2023-11-21 15:33:28 - Processing notification ID 70
2023-11-21 15:33:28 - -- Notification processing failure for ID 70: Notification has expired.
2023-11-21 15:33:28 - Processing notification ID 54
2023-11-21 15:33:28 - -- Notification processing failure for ID 54: Notification has expired.
2023-11-21 15:33:28 - Processing notification ID 58
2023-11-21 15:33:28 - -- Notification processing failure for ID 58: Notification has expired.
2023-11-21 15:33:28 - Processing notification ID 56
2023-11-21 15:33:28 - -- Notification processing failure for ID 56: Notification has expired.
2023-11-21 15:33:28 - Processing notification ID 61
2023-11-21 15:33:28 - -- Notification processing failure for ID 61: Notification has expired.
2023-11-21 15:33:28 - Processing notification ID 63
2023-11-21 15:33:28 - -- Notification processing failure for ID 63: Notification has expired.
2023-11-21 15:33:28 - Processing notification ID 51
2023-11-21 15:33:28 - -- Notification processing failure for ID 51: Notification has expired.
2023-11-21 15:33:28 - Processing notification ID 49
2023-11-21 15:33:28 - -- Notification processing failure for ID 49: Notification has expired.
2023-11-21 15:33:28 - Processing notification ID 47
2023-11-21 15:33:28 - -- Updating existing notification.
2023-11-21 15:33:28 - Processing notification ID 45
2023-11-21 15:33:28 - -- Updating existing notification.
2023-11-21 15:33:28 - Processing notification ID 40
2023-11-21 15:33:28 - -- Notification processing failure for ID 40: Notification has expired.
2023-11-21 15:33:28 - Processing notification ID 35
2023-11-21 15:33:28 - -- Updating existing notification.
2023-11-21 15:33:28 - Processing notification ID 30
2023-11-21 15:33:28 - -- Notification processing failure for ID 30: Notification has expired.
2023-11-21 15:33:28 - Processing notification ID 27
2023-11-21 15:33:28 - -- Updating existing notification.
2023-11-21 15:33:28 - Processing notification ID 25
2023-11-21 15:33:28 - -- Notification processing failure for ID 25: Condition(s) not met.
2023-11-21 15:33:28 - Processing notification ID 22
2023-11-21 15:33:28 - -- Notification processing failure for ID 22: Notification has expired.
2023-11-21 15:33:28 - Processing notification ID 15
2023-11-21 15:33:28 - -- Notification processing failure for ID 15: Notification has expired.
2023-11-21 15:33:28 - Processing notification ID 13
2023-11-21 15:33:28 - -- Notification processing failure for ID 13: Notification has expired.
2023-11-21 15:33:28 - Processing notification ID 11
2023-11-21 15:33:28 - -- Notification processing failure for ID 11: Notification has expired.
2023-11-21 15:33:28 - Processing notification ID 9
2023-11-21 15:33:28 - -- Notification processing failure for ID 9: Notification has expired.
2023-11-21 15:33:28 - Processing notification ID 7
2023-11-21 15:33:28 - -- Notification processing failure for ID 7: Notification has expired.
2023-11-21 15:33:28 - Running EDD_Recurring_Reminders::scheduled_reminders.
2023-11-21 15:33:28 - Finished EDD_Recurring_Reminders::scheduled_reminders.
